[debug] [2025-05-13T05:31:02.955Z] ----------------------------------------------------------------------
[debug] [2025-05-13T05:31:02.958Z] Command:       C:\Program Files\nodejs\node.exe C:\Users\Rashed\AppData\Roaming\npm\node_modules\firebase-tools\lib\bin\firebase.js init
[debug] [2025-05-13T05:31:02.958Z] CLI Version:   14.3.1
[debug] [2025-05-13T05:31:02.959Z] Platform:      win32
[debug] [2025-05-13T05:31:02.959Z] Node Version:  v20.14.0
[debug] [2025-05-13T05:31:02.959Z] Time:          Tue May 13 2025 11:31:02 GMT+0600 (Bangladesh Standard Time)
[debug] [2025-05-13T05:31:02.959Z] ----------------------------------------------------------------------
[debug] 
[debug] [2025-05-13T05:31:03.162Z] > command requires scopes: ["email","openid","https://www.googleapis.com/auth/cloudplatformprojects.readonly","https://www.googleapis.com/auth/firebase","https://www.googleapis.com/auth/cloud-platform"]
[debug] [2025-05-13T05:31:03.162Z] > authorizing via signed-in user (rased.cse.2016@gmail.com)
[info] 
     ######## #### ########  ######## ########     ###     ######  ########
     ##        ##  ##     ## ##       ##     ##  ##   ##  ##       ##
     ######    ##  ########  ######   ########  #########  ######  ######
     ##        ##  ##    ##  ##       ##     ## ##     ##       ## ##
     ##       #### ##     ## ######## ########  ##     ##  ######  ########

You're about to initialize a Firebase project in this directory:

  C:\Projects\vai-brother-resale-online

Before we get started, keep in mind:

  * You are currently outside your home directory
  * You are initializing within an existing Firebase project directory

[info] 
=== Project Setup
[info] 
[info] First, let's associate this project directory with a Firebase project.
[info] You can create multiple project aliases by running firebase use --add, 
[info] but for now we'll just set up a default project.
[info] 
[debug] [2025-05-13T05:31:09.902Z] Using project from CLI flag: vai-brother-resale-online
[debug] [2025-05-13T05:31:09.904Z] Checked if tokens are valid: false, expires at: 1747114969888
[debug] [2025-05-13T05:31:09.904Z] Checked if tokens are valid: false, expires at: 1747114969888
[debug] [2025-05-13T05:31:09.905Z] > refreshing access token with scopes: []
[debug] [2025-05-13T05:31:09.907Z] >>> [apiv2][query] POST https://www.googleapis.com/oauth2/v3/token [none]
[debug] [2025-05-13T05:31:09.907Z] >>> [apiv2][body] POST https://www.googleapis.com/oauth2/v3/token [omitted]
[debug] [2025-05-13T05:31:10.148Z] <<< [apiv2][status] POST https://www.googleapis.com/oauth2/v3/token 200
[debug] [2025-05-13T05:31:10.148Z] <<< [apiv2][body] POST https://www.googleapis.com/oauth2/v3/token [omitted]
[debug] [2025-05-13T05:31:10.163Z] >>> [apiv2][query] GET https://firebase.googleapis.com/v1beta1/projects/vai-brother-resale-online [none]
[debug] [2025-05-13T05:31:10.887Z] <<< [apiv2][status] GET https://firebase.googleapis.com/v1beta1/projects/vai-brother-resale-online 403
[debug] [2025-05-13T05:31:10.887Z] <<< [apiv2][body] GET https://firebase.googleapis.com/v1beta1/projects/vai-brother-resale-online {"error":{"code":403,"message":"The caller does not have permission","status":"PERMISSION_DENIED"}}
[debug] [2025-05-13T05:31:10.887Z] Request to https://firebase.googleapis.com/v1beta1/projects/vai-brother-resale-online had HTTP Error: 403, The caller does not have permission
[debug] [2025-05-13T05:31:11.053Z] FirebaseError: Request to https://firebase.googleapis.com/v1beta1/projects/vai-brother-resale-online had HTTP Error: 403, The caller does not have permission
    at responseToError (C:\Users\Rashed\AppData\Roaming\npm\node_modules\firebase-tools\lib\responseToError.js:52:12)
    at RetryOperation._fn (C:\Users\Rashed\AppData\Roaming\npm\node_modules\firebase-tools\lib\apiv2.js:312:77)
    at process.processTicksAndRejections (node:internal/process/task_queues:95:5)
[error] 
[error] Error: Failed to get Firebase project vai-brother-resale-online. Please make sure the project exists and your account has permission to access it.
